<?xml version="1.0" encoding="UTF-8"?>
<testng-results skipped="0" failed="0" ignored="0" total="1" passed="1">
  <reporter-output>
  </reporter-output>
  <suite name="Default suite" duration-ms="67" started-at="2021-02-04T08:14:29Z" finished-at="2021-02-04T08:14:29Z">
    <groups>
    </groups>
    <test name="Default test" duration-ms="67" started-at="2021-02-04T08:14:29Z" finished-at="2021-02-04T08:14:29Z">
      <class name="Test.log">
        <test-method status="PASS" signature="function()[pri:0, instance:Test.log@8bd1b6a]" name="function" duration-ms="35" started-at="2021-02-04T08:14:29Z" finished-at="2021-02-04T08:14:29Z">
          <reporter-output>
          </reporter-output>
        </test-method> <!-- function -->
      </class> <!-- Test.log -->
    </test> <!-- Default test -->
  </suite> <!-- Default suite -->
</testng-results>
